Using pre-set license
Built from '2020.3/release' branch; Version is '2020.3.12f1 (b3b2c6512326) revision 11776710'; Using compiler version '192528614'; Build Type 'Release'
OS: 'Windows 10 Home; OS build 19042.1110; Version 2009; 64bit' Language: 'ko' Physical Memory: 16060 MB
BatchMode: 1, IsHumanControllingUs: 0, StartBugReporterOnCrash: 0, Is64bit: 1, IsPro: 0

 COMMAND LINE ARGUMENTS:
C:\Program Files\Unity\Hub\Editor\2020.3.12f1\Editor\Unity.exe
-adb2
-batchMode
-noUpm
-name
AssetImportWorker0
-projectPath
C:/Users/bdk06/Documents/GitHub/Unity-Escape_T/Escape_T
-logFile
Logs/AssetImportWorker0.log
-srvPort
63703
Successfully changed project path to: C:/Users/bdk06/Documents/GitHub/Unity-Escape_T/Escape_T
C:/Users/bdk06/Documents/GitHub/Unity-Escape_T/Escape_T
Using Asset Import Pipeline V2.
Refreshing native plugins compatible for Editor in 78.18 ms, found 3 plugins.
Preloading 0 native plugins for Editor in 0.00 ms.
Initialize engine version: 2020.3.12f1 (b3b2c6512326)
[Subsystems] Discovering subsystems at path C:/Program Files/Unity/Hub/Editor/2020.3.12f1/Editor/Data/Resources/UnitySubsystems
[Subsystems] Discovering subsystems at path C:/Users/bdk06/Documents/GitHub/Unity-Escape_T/Escape_T/Assets
GfxDevice: creating device client; threaded=0
Direct3D:
    Version:  Direct3D 11.0 [level 11.1]
    Renderer: NVIDIA GeForce MX450 (ID=0x1f97)
    Vendor:   
    VRAM:     1928 MB
    Driver:   27.21.14.5256
Initialize mono
Mono path[0] = 'C:/Program Files/Unity/Hub/Editor/2020.3.12f1/Editor/Data/Managed'
Mono path[1] = 'C:/Program Files/Unity/Hub/Editor/2020.3.12f1/Editor/Data/MonoBleedingEdge/lib/mono/unityjit'
Mono config path = 'C:/Program Files/Unity/Hub/Editor/2020.3.12f1/Editor/Data/MonoBleedingEdge/etc'
Using monoOptions --debugger-agent=transport=dt_socket,embedding=1,server=y,suspend=n,address=127.0.0.1:56932
Begin MonoManager ReloadAssembly
Registering precompiled unity dll's ...
Register platform support module: C:/Program Files/Unity/Hub/Editor/2020.3.12f1/Editor/Data/PlaybackEngines/WindowsStandaloneSupport/UnityEditor.WindowsStandalone.Extensions.dll
Registered in 0.006563 seconds.
Native extension for WindowsStandalone target not found
Refreshing native plugins compatible for Editor in 75.03 ms, found 3 plugins.
Preloading 0 native plugins for Editor in 0.00 ms.
Mono: successfully reloaded assembly
- Completed reload, in  3.126 seconds
Platform modules already initialized, skipping
Registering precompiled user dll's ...
Registered in 0.011847 seconds.
Begin MonoManager ReloadAssembly
Symbol file data-00000192F17E3010 doesn't match image C:\Users\bdk06\Documents\GitHub\Unity-Escape_T\Escape_T\Library\ScriptAssemblies\Unity.2D.Animation.Editor.dll
Symbol file LoadedFromMemory is not a mono symbol file
Symbol file data-00000192F1243FB0 doesn't match image C:\Users\bdk06\Documents\GitHub\Unity-Escape_T\Escape_T\Library\ScriptAssemblies\Unity.InternalAPIEngineBridge.001.dll
Symbol file LoadedFromMemory is not a mono symbol file
Symbol file data-00000192F13C0420 doesn't match image C:\Users\bdk06\Documents\GitHub\Unity-Escape_T\Escape_T\Library\ScriptAssemblies\Unity.VSCode.Editor.dll
Symbol file LoadedFromMemory is not a mono symbol file
Symbol file data-00000192F0ED8010 doesn't match image C:\Users\bdk06\Documents\GitHub\Unity-Escape_T\Escape_T\Library\ScriptAssemblies\Unity.2D.PixelPerfect.dll
Symbol file LoadedFromMemory is not a mono symbol file
Symbol file data-00000192F17C1620 doesn't match image C:\Users\bdk06\Documents\GitHub\Unity-Escape_T\Escape_T\Library\ScriptAssemblies\Unity.2D.Tilemap.Editor.dll
Symbol file LoadedFromMemory is not a mono symbol file
Symbol file data-00000192F0F7B020 doesn't match image C:\Users\bdk06\Documents\GitHub\Unity-Escape_T\Escape_T\Library\ScriptAssemblies\PsdPlugin.dll
Symbol file LoadedFromMemory is not a mono symbol file
Symbol file data-00000192F17E3010 doesn't match image C:\Users\bdk06\Documents\GitHub\Unity-Escape_T\Escape_T\Library\ScriptAssemblies\Unity.TextMeshPro.Editor.dll
Symbol file LoadedFromMemory is not a mono symbol file
Symbol file data-00000192F0F98010 doesn't match image C:\Users\bdk06\Documents\GitHub\Unity-Escape_T\Escape_T\Library\ScriptAssemblies\Unity.VisualStudio.Editor.dll
Symbol file LoadedFromMemory is not a mono symbol file
Symbol file data-00000192F11314A0 doesn't match image C:\Users\bdk06\Documents\GitHub\Unity-Escape_T\Escape_T\Library\ScriptAssemblies\UnityEngine.TestRunner.dll
Symbol file LoadedFromMemory is not a mono symbol file
Symbol file data-00000192F17C1620 doesn't match image C:\Users\bdk06\Documents\GitHub\Unity-Escape_T\Escape_T\Library\ScriptAssemblies\Unity.Timeline.dll
Symbol file LoadedFromMemory is not a mono symbol file
Symbol file data-00000192F136C040 doesn't match image C:\Users\bdk06\Documents\GitHub\Unity-Escape_T\Escape_T\Library\ScriptAssemblies\Unity.TextMeshPro.dll
Symbol file LoadedFromMemory is not a mono symbol file
Symbol file data-00000192F1399A50 doesn't match image C:\Users\bdk06\Documents\GitHub\Unity-Escape_T\Escape_T\Library\ScriptAssemblies\UnityEditor.TestRunner.dll
Symbol file LoadedFromMemory is not a mono symbol file
Symbol file data-00000192F13C0420 doesn't match image C:\Users\bdk06\Documents\GitHub\Unity-Escape_T\Escape_T\Library\ScriptAssemblies\Unity.2D.IK.Editor.dll
Symbol file LoadedFromMemory is not a mono symbol file
Symbol file data-00000192F17C1620 doesn't match image C:\Users\bdk06\Documents\GitHub\Unity-Escape_T\Escape_T\Library\ScriptAssemblies\Unity.2D.Sprite.Editor.dll
Symbol file LoadedFromMemory is not a mono symbol file
Symbol file data-00000192F0F98010 doesn't match image C:\Users\bdk06\Documents\GitHub\Unity-Escape_T\Escape_T\Library\ScriptAssemblies\Unity.2D.Psdimporter.Editor.dll
Symbol file LoadedFromMemory is not a mono symbol file
Symbol file data-00000192F0F7B020 doesn't match image C:\Users\bdk06\Documents\GitHub\Unity-Escape_T\Escape_T\Library\ScriptAssemblies\Unity.2D.Path.Editor.dll
Symbol file LoadedFromMemory is not a mono symbol file
Symbol file data-00000192F1065410 doesn't match image C:\Users\bdk06\Documents\GitHub\Unity-Escape_T\Escape_T\Library\ScriptAssemblies\Unity.InternalAPIEditorBridge.001.dll
Symbol file LoadedFromMemory is not a mono symbol file
Symbol file data-00000192F0F98010 doesn't match image C:\Users\bdk06\Documents\GitHub\Unity-Escape_T\Escape_T\Library\ScriptAssemblies\UnityEditor.UI.dll
Symbol file LoadedFromMemory is not a mono symbol file
Symbol file data-00000192F60AA020 doesn't match image C:\Users\bdk06\Documents\GitHub\Unity-Escape_T\Escape_T\Library\ScriptAssemblies\Unity.PlasticSCM.Editor.dll
Symbol file LoadedFromMemory is not a mono symbol file
Symbol file data-00000192F1730C30 doesn't match image C:\Users\bdk06\Documents\GitHub\Unity-Escape_T\Escape_T\Library\ScriptAssemblies\Unity.Rider.Editor.dll
Symbol file LoadedFromMemory is not a mono symbol file
Symbol file data-00000192F60BBC30 doesn't match image C:\Users\bdk06\Documents\GitHub\Unity-Escape_T\Escape_T\Library\ScriptAssemblies\UnityEngine.UI.dll
Symbol file LoadedFromMemory is not a mono symbol file
Symbol file data-00000192F57A6020 doesn't match image C:\Users\bdk06\Documents\GitHub\Unity-Escape_T\Escape_T\Library\ScriptAssemblies\Unity.Mathematics.dll
Symbol file LoadedFromMemory is not a mono symbol file
Symbol file data-00000192F13AAE60 doesn't match image C:\Users\bdk06\Documents\GitHub\Unity-Escape_T\Escape_T\Library\ScriptAssemblies\Unity.2D.IK.Runtime.dll
Symbol file LoadedFromMemory is not a mono symbol file
Symbol file data-00000192F60BBC30 doesn't match image C:\Users\bdk06\Documents\GitHub\Unity-Escape_T\Escape_T\Library\ScriptAssemblies\Unity.2D.Animation.Triangle.Runtime.dll
Symbol file LoadedFromMemory is not a mono symbol file
Symbol file data-00000192F6383030 doesn't match image C:\Users\bdk06\Documents\GitHub\Unity-Escape_T\Escape_T\Library\ScriptAssemblies\Unity.2D.Animation.Runtime.dll
Symbol file LoadedFromMemory is not a mono symbol file
Symbol file data-00000192F1735640 doesn't match image C:\Users\bdk06\Documents\GitHub\Unity-Escape_T\Escape_T\Library\ScriptAssemblies\Unity.2D.PixelPerfect.Editor.dll
Symbol file LoadedFromMemory is not a mono symbol file
Symbol file data-00000192F5E98020 doesn't match image C:\Users\bdk06\Documents\GitHub\Unity-Escape_T\Escape_T\Library\ScriptAssemblies\Unity.Timeline.Editor.dll
Symbol file LoadedFromMemory is not a mono symbol file
Symbol file data-00000192F13F9E60 doesn't match image C:\Users\bdk06\Documents\GitHub\Unity-Escape_T\Escape_T\Library\ScriptAssemblies\Unity.CollabProxy.Editor.dll
Symbol file LoadedFromMemory is not a mono symbol file
Symbol file data-00000192F6B9F240 doesn't match image C:\Users\bdk06\Documents\GitHub\Unity-Escape_T\Escape_T\Library\ScriptAssemblies\Unity.Mathematics.Editor.dll
Symbol file LoadedFromMemory is not a mono symbol file
Symbol file data-00000192F15025E0 doesn't match image C:\Users\bdk06\Documents\GitHub\Unity-Escape_T\Escape_T\Library\ScriptAssemblies\Unity.2D.Common.Runtime.dll
Symbol file LoadedFromMemory is not a mono symbol file
Symbol file data-00000192F0F98010 doesn't match image C:\Users\bdk06\Documents\GitHub\Unity-Escape_T\Escape_T\Library\ScriptAssemblies\Unity.2D.SpriteShape.Editor.dll
Symbol file LoadedFromMemory is not a mono symbol file
Symbol file data-00000192F13AAE60 doesn't match image C:\Users\bdk06\Documents\GitHub\Unity-Escape_T\Escape_T\Library\ScriptAssemblies\Unity.2D.Common.Editor.dll
Symbol file LoadedFromMemory is not a mono symbol file
Symbol file data-00000192F13F9E60 doesn't match image C:\Users\bdk06\Documents\GitHub\Unity-Escape_T\Escape_T\Library\ScriptAssemblies\Unity.2D.SpriteShape.Runtime.dll
Symbol file LoadedFromMemory is not a mono symbol file
Native extension for WindowsStandalone target not found
Refreshing native plugins compatible for Editor in 62.85 ms, found 3 plugins.
Preloading 0 native plugins for Editor in 0.00 ms.
Mono: successfully reloaded assembly
- Completed reload, in  1.804 seconds
Platform modules already initialized, skipping
========================================================================
Worker process is ready to serve import requests
Launched and connected shader compiler UnityShaderCompiler.exe after 0.09 seconds
Refreshing native plugins compatible for Editor in 0.54 ms, found 3 plugins.
Preloading 0 native plugins for Editor in 0.00 ms.
Unloading 2088 Unused Serialized files (Serialized files now loaded: 0)
System memory in use before: 93.0 MB.
System memory in use after: 93.0 MB.

Unloading 33 unused Assets to reduce memory usage. Loaded Objects now: 2521.
Total: 2.968100 ms (FindLiveObjects: 0.189300 ms CreateObjectMapping: 0.082200 ms MarkObjects: 2.528200 ms  DeleteObjects: 0.167000 ms)

AssetImportParameters requested are different than current active one (requested -> active):
  custom:framework-win-MediaFoundation: 216162199b28c13a410421893ffa2e32 -> 
  custom:video-decoder-ogg-theora: a1e56fd34408186e4bbccfd4996cb3dc -> 
  custom:container-muxer-webm: aa71ff27fc2769a1b78a27578f13a17b -> 
  custom:container-demuxer-webm: 4f35f7cbe854078d1ac9338744f61a02 -> 
  custom:container-demuxer-ogg: 62fdf1f143b41e24485cea50d1cbac27 -> 
  custom:video-encoder-webm-vp8: eb34c28f22e8b96e1ab97ce403110664 -> 
  custom:video-codec-MediaFoundation-h265: 746d11721c4dcdbdad8f713fa42b33f4 -> 
  custom:video-decoder-webm-vp8: 9c59270c3fd7afecdb556c50c9e8de78 -> 
  custom:audio-decoder-ogg-vorbis: bf7c407c2cedff20999df2af8eb42d56 -> 
  custom:audio-encoder-webm-vorbis: bf7c407c2cedff20999df2af8eb42d56 -> 
========================================================================
Received Import Request.
  path: Assets/Scenes/6F Scene.unity
  artifactKey: Guid(0413e76450e66ab4483b060d022acb74) Importer(815301076,1909f56bfc062723c751e8b465ee728b)
Start importing Assets/Scenes/6F Scene.unity using Guid(0413e76450e66ab4483b060d022acb74) Importer(815301076,1909f56bfc062723c751e8b465ee728b)  -> (artifact id: '78bf2de4d105297804dcc35e0a184519') in 0.022286 seconds 
  Import took 0.026695 seconds .

========================================================================
Received Import Request.
  Time since last request: 14.968514 seconds.
  path: Assets/교실소품들/컴터책상글씨앞면.png
  artifactKey: Guid(75e7f293be1dc5641ab04ce9ac553266) Importer(815301076,1909f56bfc062723c751e8b465ee728b)
Start importing Assets/교실소품들/컴터책상글씨앞면.png using Guid(75e7f293be1dc5641ab04ce9ac553266) Importer(815301076,1909f56bfc062723c751e8b465ee728b)  -> (artifact id: 'bb2e2a3fa4ab0bf191082939f1a52ead') in 0.177982 seconds 
  Import took 0.183244 seconds .

========================================================================
Received Import Request.
  Time since last request: 0.000389 seconds.
  path: Assets/교실소품들/컴터책상뒷면.png
  artifactKey: Guid(59ccc9f9f6586324fa277a1a89f3e902) Importer(815301076,1909f56bfc062723c751e8b465ee728b)
Start importing Assets/교실소품들/컴터책상뒷면.png using Guid(59ccc9f9f6586324fa277a1a89f3e902) Importer(815301076,1909f56bfc062723c751e8b465ee728b)  -> (artifact id: '09eee9395683a4f00b033f3b6ce74b41') in 0.040343 seconds 
  Import took 0.045996 seconds .

========================================================================
Received Import Request.
  Time since last request: 0.000414 seconds.
  path: Assets/교실소품들/컴터책상앞면.png
  artifactKey: Guid(431e1e5cdf564084398192f59b963d8d) Importer(815301076,1909f56bfc062723c751e8b465ee728b)
Start importing Assets/교실소품들/컴터책상앞면.png using Guid(431e1e5cdf564084398192f59b963d8d) Importer(815301076,1909f56bfc062723c751e8b465ee728b)  -> (artifact id: '9aa63d3a37c95e3a2d09ca196c35c121') in 0.045266 seconds 
  Import took 0.049276 seconds .

AssetImportWorkerClient::OnTransportError - code=2 error=End of file
