Using pre-set license
Built from '2020.3/release' branch; Version is '2020.3.12f1 (b3b2c6512326) revision 11776710'; Using compiler version '192528614'; Build Type 'Release'
OS: 'Windows 10 Home; OS build 19042.1237; Version 2009; 64bit' Language: 'ko' Physical Memory: 16178 MB
BatchMode: 1, IsHumanControllingUs: 0, StartBugReporterOnCrash: 0, Is64bit: 1, IsPro: 0

 COMMAND LINE ARGUMENTS:
C:\Program Files\Unity\Hub\Editor\2020.3.12f1\Editor\Unity.exe
-adb2
-batchMode
-noUpm
-name
AssetImportWorker2
-projectPath
C:/Users/82108/OneDrive/문서/GitHub/Unity-Escape_T/Escape_T
-logFile
Logs/AssetImportWorker2.log
-srvPort
12217
Successfully changed project path to: C:/Users/82108/OneDrive/문서/GitHub/Unity-Escape_T/Escape_T
C:/Users/82108/OneDrive/문서/GitHub/Unity-Escape_T/Escape_T
Using Asset Import Pipeline V2.
Refreshing native plugins compatible for Editor in 241.02 ms, found 3 plugins.
Preloading 0 native plugins for Editor in 0.00 ms.
Initialize engine version: 2020.3.12f1 (b3b2c6512326)
[Subsystems] Discovering subsystems at path C:/Program Files/Unity/Hub/Editor/2020.3.12f1/Editor/Data/Resources/UnitySubsystems
[Subsystems] Discovering subsystems at path C:/Users/82108/OneDrive/문서/GitHub/Unity-Escape_T/Escape_T/Assets
GfxDevice: creating device client; threaded=0
Direct3D:
    Version:  Direct3D 11.0 [level 11.1]
    Renderer: Intel(R) UHD Graphics 620 (ID=0x3ea0)
    Vendor:   
    VRAM:     8089 MB
    Driver:   25.20.100.6577
Initialize mono
Mono path[0] = 'C:/Program Files/Unity/Hub/Editor/2020.3.12f1/Editor/Data/Managed'
Mono path[1] = 'C:/Program Files/Unity/Hub/Editor/2020.3.12f1/Editor/Data/MonoBleedingEdge/lib/mono/unityjit'
Mono config path = 'C:/Program Files/Unity/Hub/Editor/2020.3.12f1/Editor/Data/MonoBleedingEdge/etc'
Using monoOptions --debugger-agent=transport=dt_socket,embedding=1,server=y,suspend=n,address=127.0.0.1:56384
Begin MonoManager ReloadAssembly
Registering precompiled unity dll's ...
Register platform support module: C:/Program Files/Unity/Hub/Editor/2020.3.12f1/Editor/Data/PlaybackEngines/WindowsStandaloneSupport/UnityEditor.WindowsStandalone.Extensions.dll
Registered in 0.017530 seconds.
Native extension for WindowsStandalone target not found
Refreshing native plugins compatible for Editor in 135.01 ms, found 3 plugins.
Preloading 0 native plugins for Editor in 0.00 ms.
Mono: successfully reloaded assembly
- Completed reload, in  4.804 seconds
Platform modules already initialized, skipping
Registering precompiled user dll's ...
Registered in 0.022445 seconds.
Begin MonoManager ReloadAssembly
Symbol file data-000001B6F85D1010 doesn't match image C:\Users\82108\OneDrive\문서\GitHub\Unity-Escape_T\Escape_T\Library\ScriptAssemblies\Unity.2D.Animation.Editor.dll
Symbol file LoadedFromMemory is not a mono symbol file
Symbol file data-000001B6FA478BC0 doesn't match image C:\Users\82108\OneDrive\문서\GitHub\Unity-Escape_T\Escape_T\Library\ScriptAssemblies\Unity.InternalAPIEngineBridge.001.dll
Symbol file LoadedFromMemory is not a mono symbol file
Symbol file data-000001B6F86AC390 doesn't match image C:\Users\82108\OneDrive\문서\GitHub\Unity-Escape_T\Escape_T\Library\ScriptAssemblies\Unity.VSCode.Editor.dll
Symbol file LoadedFromMemory is not a mono symbol file
Symbol file data-000001B6F81A5020 doesn't match image C:\Users\82108\OneDrive\문서\GitHub\Unity-Escape_T\Escape_T\Library\ScriptAssemblies\Unity.2D.PixelPerfect.dll
Symbol file LoadedFromMemory is not a mono symbol file
Symbol file data-000001B6FA009010 doesn't match image C:\Users\82108\OneDrive\문서\GitHub\Unity-Escape_T\Escape_T\Library\ScriptAssemblies\Unity.2D.Tilemap.Editor.dll
Symbol file LoadedFromMemory is not a mono symbol file
Symbol file data-000001B6FA35F240 doesn't match image C:\Users\82108\OneDrive\문서\GitHub\Unity-Escape_T\Escape_T\Library\ScriptAssemblies\PsdPlugin.dll
Symbol file LoadedFromMemory is not a mono symbol file
Symbol file data-000001B6F8517010 doesn't match image C:\Users\82108\OneDrive\문서\GitHub\Unity-Escape_T\Escape_T\Library\ScriptAssemblies\Unity.TextMeshPro.Editor.dll
Symbol file LoadedFromMemory is not a mono symbol file
Symbol file data-000001B6F4342AB0 doesn't match image C:\Users\82108\OneDrive\문서\GitHub\Unity-Escape_T\Escape_T\Library\ScriptAssemblies\Unity.VisualStudio.Editor.dll
Symbol file LoadedFromMemory is not a mono symbol file
Symbol file data-000001B6F852A620 doesn't match image C:\Users\82108\OneDrive\문서\GitHub\Unity-Escape_T\Escape_T\Library\ScriptAssemblies\UnityEngine.TestRunner.dll
Symbol file LoadedFromMemory is not a mono symbol file
Symbol file data-000001B6FA009010 doesn't match image C:\Users\82108\OneDrive\문서\GitHub\Unity-Escape_T\Escape_T\Library\ScriptAssemblies\Unity.Timeline.dll
Symbol file LoadedFromMemory is not a mono symbol file
Symbol file data-000001B6F9CE1030 doesn't match image C:\Users\82108\OneDrive\문서\GitHub\Unity-Escape_T\Escape_T\Library\ScriptAssemblies\Unity.TextMeshPro.dll
Symbol file LoadedFromMemory is not a mono symbol file
Symbol file data-000001B6F9D0EA40 doesn't match image C:\Users\82108\OneDrive\문서\GitHub\Unity-Escape_T\Escape_T\Library\ScriptAssemblies\UnityEditor.TestRunner.dll
Symbol file LoadedFromMemory is not a mono symbol file
Symbol file data-000001B6F86AC390 doesn't match image C:\Users\82108\OneDrive\문서\GitHub\Unity-Escape_T\Escape_T\Library\ScriptAssemblies\Unity.2D.IK.Editor.dll
Symbol file LoadedFromMemory is not a mono symbol file
Symbol file data-000001B6F9D0EA40 doesn't match image C:\Users\82108\OneDrive\문서\GitHub\Unity-Escape_T\Escape_T\Library\ScriptAssemblies\Unity.2D.Sprite.Editor.dll
Symbol file LoadedFromMemory is not a mono symbol file
Symbol file data-000001B6F432BC30 doesn't match image C:\Users\82108\OneDrive\문서\GitHub\Unity-Escape_T\Escape_T\Library\ScriptAssemblies\Unity.2D.Psdimporter.Editor.dll
Symbol file LoadedFromMemory is not a mono symbol file
Symbol file data-000001B6F852A620 doesn't match image C:\Users\82108\OneDrive\문서\GitHub\Unity-Escape_T\Escape_T\Library\ScriptAssemblies\Unity.2D.Path.Editor.dll
Symbol file LoadedFromMemory is not a mono symbol file
Symbol file data-000001B6F8177BA0 doesn't match image C:\Users\82108\OneDrive\문서\GitHub\Unity-Escape_T\Escape_T\Library\ScriptAssemblies\Unity.InternalAPIEditorBridge.001.dll
Symbol file LoadedFromMemory is not a mono symbol file
Symbol file data-000001B6F432BC30 doesn't match image C:\Users\82108\OneDrive\문서\GitHub\Unity-Escape_T\Escape_T\Library\ScriptAssemblies\UnityEditor.UI.dll
Symbol file LoadedFromMemory is not a mono symbol file
Symbol file data-000001B6F983C020 doesn't match image C:\Users\82108\OneDrive\문서\GitHub\Unity-Escape_T\Escape_T\Library\ScriptAssemblies\Unity.PlasticSCM.Editor.dll
Symbol file LoadedFromMemory is not a mono symbol file
Symbol file data-000001B6F8D42030 doesn't match image C:\Users\82108\OneDrive\문서\GitHub\Unity-Escape_T\Escape_T\Library\ScriptAssemblies\Unity.Rider.Editor.dll
Symbol file LoadedFromMemory is not a mono symbol file
Symbol file data-000001B6F88EB020 doesn't match image C:\Users\82108\OneDrive\문서\GitHub\Unity-Escape_T\Escape_T\Library\ScriptAssemblies\UnityEngine.UI.dll
Symbol file LoadedFromMemory is not a mono symbol file
Symbol file data-000001B6F8820010 doesn't match image C:\Users\82108\OneDrive\문서\GitHub\Unity-Escape_T\Escape_T\Library\ScriptAssemblies\Unity.Mathematics.dll
Symbol file LoadedFromMemory is not a mono symbol file
Symbol file data-000001B6F86AC390 doesn't match image C:\Users\82108\OneDrive\문서\GitHub\Unity-Escape_T\Escape_T\Library\ScriptAssemblies\Unity.2D.IK.Runtime.dll
Symbol file LoadedFromMemory is not a mono symbol file
Symbol file data-000001B6F83F0020 doesn't match image C:\Users\82108\OneDrive\문서\GitHub\Unity-Escape_T\Escape_T\Library\ScriptAssemblies\Unity.2D.Animation.Triangle.Runtime.dll
Symbol file LoadedFromMemory is not a mono symbol file
Symbol file data-000001B6F83DA450 doesn't match image C:\Users\82108\OneDrive\문서\GitHub\Unity-Escape_T\Escape_T\Library\ScriptAssemblies\Unity.2D.Animation.Runtime.dll
Symbol file LoadedFromMemory is not a mono symbol file
Symbol file data-000001B6F4146B30 doesn't match image C:\Users\82108\OneDrive\문서\GitHub\Unity-Escape_T\Escape_T\Library\ScriptAssemblies\Unity.2D.PixelPerfect.Editor.dll
Symbol file LoadedFromMemory is not a mono symbol file
Symbol file data-000001B6F83F0020 doesn't match image C:\Users\82108\OneDrive\문서\GitHub\Unity-Escape_T\Escape_T\Library\ScriptAssemblies\Unity.Timeline.Editor.dll
Symbol file LoadedFromMemory is not a mono symbol file
Symbol file data-000001B6F9CC4C20 doesn't match image C:\Users\82108\OneDrive\문서\GitHub\Unity-Escape_T\Escape_T\Library\ScriptAssemblies\Unity.CollabProxy.Editor.dll
Symbol file LoadedFromMemory is not a mono symbol file
Symbol file data-000001B6F7DB55B0 doesn't match image C:\Users\82108\OneDrive\문서\GitHub\Unity-Escape_T\Escape_T\Library\ScriptAssemblies\Unity.Mathematics.Editor.dll
Symbol file LoadedFromMemory is not a mono symbol file
Symbol file data-000001B6F4306B40 doesn't match image C:\Users\82108\OneDrive\문서\GitHub\Unity-Escape_T\Escape_T\Library\ScriptAssemblies\Unity.2D.Common.Runtime.dll
Symbol file LoadedFromMemory is not a mono symbol file
Symbol file data-000001B6F432BC30 doesn't match image C:\Users\82108\OneDrive\문서\GitHub\Unity-Escape_T\Escape_T\Library\ScriptAssemblies\Unity.2D.SpriteShape.Editor.dll
Symbol file LoadedFromMemory is not a mono symbol file
Symbol file data-000001B6F86AC390 doesn't match image C:\Users\82108\OneDrive\문서\GitHub\Unity-Escape_T\Escape_T\Library\ScriptAssemblies\Unity.2D.Common.Editor.dll
Symbol file LoadedFromMemory is not a mono symbol file
Symbol file data-000001B6F9CC4C20 doesn't match image C:\Users\82108\OneDrive\문서\GitHub\Unity-Escape_T\Escape_T\Library\ScriptAssemblies\Unity.2D.SpriteShape.Runtime.dll
Symbol file LoadedFromMemory is not a mono symbol file
Native extension for WindowsStandalone target not found
Refreshing native plugins compatible for Editor in 148.63 ms, found 3 plugins.
Preloading 0 native plugins for Editor in 0.00 ms.
Mono: successfully reloaded assembly
- Completed reload, in  3.653 seconds
Platform modules already initialized, skipping
========================================================================
Worker process is ready to serve import requests
Launched and connected shader compiler UnityShaderCompiler.exe after 0.16 seconds
Refreshing native plugins compatible for Editor in 1.05 ms, found 3 plugins.
Preloading 0 native plugins for Editor in 0.00 ms.
Unloading 2102 Unused Serialized files (Serialized files now loaded: 0)
System memory in use before: 93.5 MB.
System memory in use after: 93.4 MB.

Unloading 33 unused Assets to reduce memory usage. Loaded Objects now: 2535.
Total: 5.242200 ms (FindLiveObjects: 0.401100 ms CreateObjectMapping: 0.166800 ms MarkObjects: 4.397800 ms  DeleteObjects: 0.274200 ms)

AssetImportParameters requested are different than current active one (requested -> active):
  custom:framework-win-MediaFoundation: 216162199b28c13a410421893ffa2e32 -> 
  custom:video-decoder-ogg-theora: a1e56fd34408186e4bbccfd4996cb3dc -> 
  custom:container-muxer-webm: aa71ff27fc2769a1b78a27578f13a17b -> 
  custom:container-demuxer-webm: 4f35f7cbe854078d1ac9338744f61a02 -> 
  custom:container-demuxer-ogg: 62fdf1f143b41e24485cea50d1cbac27 -> 
  custom:video-encoder-webm-vp8: eb34c28f22e8b96e1ab97ce403110664 -> 
  custom:video-decoder-webm-vp8: 9c59270c3fd7afecdb556c50c9e8de78 -> 
  custom:audio-decoder-ogg-vorbis: bf7c407c2cedff20999df2af8eb42d56 -> 
  custom:audio-encoder-webm-vorbis: bf7c407c2cedff20999df2af8eb42d56 -> 
========================================================================
Received Import Request.
  path: Assets/사물함/dbdb.cs
  artifactKey: Guid(f544a6c2c701c464e9a442bb6a3a3238) Importer(815301076,1909f56bfc062723c751e8b465ee728b)
Start importing Assets/사물함/dbdb.cs using Guid(f544a6c2c701c464e9a442bb6a3a3238) Importer(815301076,1909f56bfc062723c751e8b465ee728b)  -> (artifact id: '59a15fbcc3ab8ffb645672903c8a967d') in 0.097140 seconds 
  Import took 0.104772 seconds .

========================================================================
Received Import Request.
  Time since last request: 176.341056 seconds.
  path: Assets/사물함/dbdb.cs
  artifactKey: Guid(f544a6c2c701c464e9a442bb6a3a3238) Importer(815301076,1909f56bfc062723c751e8b465ee728b)
Start importing Assets/사물함/dbdb.cs using Guid(f544a6c2c701c464e9a442bb6a3a3238) Importer(815301076,1909f56bfc062723c751e8b465ee728b)  -> (artifact id: 'de512123cedd358ceb2f971344c1c88a') in 0.007541 seconds 
  Import took 0.017019 seconds .

========================================================================
Received Import Request.
  Time since last request: 0.082232 seconds.
  path: Assets/사물함/dbdb.cs
  artifactKey: Guid(f544a6c2c701c464e9a442bb6a3a3238) Importer(815301076,1909f56bfc062723c751e8b465ee728b)
Start importing Assets/사물함/dbdb.cs using Guid(f544a6c2c701c464e9a442bb6a3a3238) Importer(815301076,1909f56bfc062723c751e8b465ee728b)  -> (artifact id: 'de512123cedd358ceb2f971344c1c88a') in 0.007924 seconds 
  Import took 0.015637 seconds .

========================================================================
Received Prepare
Registering precompiled user dll's ...
Registered in 0.023716 seconds.
Begin MonoManager ReloadAssembly
Symbol file data-000001B6F8A4D010 doesn't match image C:\Users\82108\OneDrive\문서\GitHub\Unity-Escape_T\Escape_T\Library\ScriptAssemblies\Unity.2D.Animation.Editor.dll
Symbol file LoadedFromMemory is not a mono symbol file
Symbol file data-000001B6FD124A30 doesn't match image C:\Users\82108\OneDrive\문서\GitHub\Unity-Escape_T\Escape_T\Library\ScriptAssemblies\Unity.InternalAPIEngineBridge.001.dll
Symbol file LoadedFromMemory is not a mono symbol file
Symbol file data-000001B6FA072AB0 doesn't match image C:\Users\82108\OneDrive\문서\GitHub\Unity-Escape_T\Escape_T\Library\ScriptAssemblies\Unity.VSCode.Editor.dll
Symbol file LoadedFromMemory is not a mono symbol file
Symbol file data-000001B6FD2FE4A0 doesn't match image C:\Users\82108\OneDrive\문서\GitHub\Unity-Escape_T\Escape_T\Library\ScriptAssemblies\Unity.2D.PixelPerfect.dll
Symbol file LoadedFromMemory is not a mono symbol file
Symbol file data-000001B6FD0A9410 doesn't match image C:\Users\82108\OneDrive\문서\GitHub\Unity-Escape_T\Escape_T\Library\ScriptAssemblies\Unity.2D.Tilemap.Editor.dll
Symbol file LoadedFromMemory is not a mono symbol file
Symbol file data-000001B6F86A2A40 doesn't match image C:\Users\82108\OneDrive\문서\GitHub\Unity-Escape_T\Escape_T\Library\ScriptAssemblies\PsdPlugin.dll
Symbol file LoadedFromMemory is not a mono symbol file
Symbol file data-000001B6FD0A9410 doesn't match image C:\Users\82108\OneDrive\문서\GitHub\Unity-Escape_T\Escape_T\Library\ScriptAssemblies\Unity.TextMeshPro.Editor.dll
Symbol file LoadedFromMemory is not a mono symbol file
Symbol file data-000001B6F4342AB0 doesn't match image C:\Users\82108\OneDrive\문서\GitHub\Unity-Escape_T\Escape_T\Library\ScriptAssemblies\Unity.VisualStudio.Editor.dll
Symbol file LoadedFromMemory is not a mono symbol file
Symbol file data-000001B6FD0A9410 doesn't match image C:\Users\82108\OneDrive\문서\GitHub\Unity-Escape_T\Escape_T\Library\ScriptAssemblies\UnityEngine.TestRunner.dll
Symbol file LoadedFromMemory is not a mono symbol file
Symbol file data-000001B6FD0A9410 doesn't match image C:\Users\82108\OneDrive\문서\GitHub\Unity-Escape_T\Escape_T\Library\ScriptAssemblies\Unity.Timeline.dll
Symbol file LoadedFromMemory is not a mono symbol file
Symbol file data-000001B6F4307020 doesn't match image C:\Users\82108\OneDrive\문서\GitHub\Unity-Escape_T\Escape_T\Library\ScriptAssemblies\Unity.TextMeshPro.dll
Symbol file LoadedFromMemory is not a mono symbol file
Symbol file data-000001B6F8A85050 doesn't match image C:\Users\82108\OneDrive\문서\GitHub\Unity-Escape_T\Escape_T\Library\ScriptAssemblies\UnityEditor.TestRunner.dll
Symbol file LoadedFromMemory is not a mono symbol file
Symbol file data-000001B6F8A7AA20 doesn't match image C:\Users\82108\OneDrive\문서\GitHub\Unity-Escape_T\Escape_T\Library\ScriptAssemblies\Unity.2D.IK.Editor.dll
Symbol file LoadedFromMemory is not a mono symbol file
Symbol file data-000001B6FD0A9410 doesn't match image C:\Users\82108\OneDrive\문서\GitHub\Unity-Escape_T\Escape_T\Library\ScriptAssemblies\Unity.2D.Sprite.Editor.dll
Symbol file LoadedFromMemory is not a mono symbol file
Symbol file data-000001B6F45F6F60 doesn't match image C:\Users\82108\OneDrive\문서\GitHub\Unity-Escape_T\Escape_T\Library\ScriptAssemblies\Unity.2D.Psdimporter.Editor.dll
Symbol file LoadedFromMemory is not a mono symbol file
Symbol file data-000001B6FD06F020 doesn't match image C:\Users\82108\OneDrive\문서\GitHub\Unity-Escape_T\Escape_T\Library\ScriptAssemblies\Unity.2D.Path.Editor.dll
Symbol file LoadedFromMemory is not a mono symbol file
Symbol file data-000001B6F8A96460 doesn't match image C:\Users\82108\OneDrive\문서\GitHub\Unity-Escape_T\Escape_T\Library\ScriptAssemblies\Unity.InternalAPIEditorBridge.001.dll
Symbol file LoadedFromMemory is not a mono symbol file
Symbol file data-000001B6F45F6F60 doesn't match image C:\Users\82108\OneDrive\문서\GitHub\Unity-Escape_T\Escape_T\Library\ScriptAssemblies\UnityEditor.UI.dll
Symbol file LoadedFromMemory is not a mono symbol file
Symbol file data-000001B6FD53F010 doesn't match image C:\Users\82108\OneDrive\문서\GitHub\Unity-Escape_T\Escape_T\Library\ScriptAssemblies\Unity.PlasticSCM.Editor.dll
Symbol file LoadedFromMemory is not a mono symbol file
Symbol file data-000001B6FA423020 doesn't match image C:\Users\82108\OneDrive\문서\GitHub\Unity-Escape_T\Escape_T\Library\ScriptAssemblies\Unity.Rider.Editor.dll
Symbol file LoadedFromMemory is not a mono symbol file
Symbol file data-000001B6F8517010 doesn't match image C:\Users\82108\OneDrive\문서\GitHub\Unity-Escape_T\Escape_T\Library\ScriptAssemblies\UnityEngine.UI.dll
Symbol file LoadedFromMemory is not a mono symbol file
Symbol file data-000001B6F8820010 doesn't match image C:\Users\82108\OneDrive\문서\GitHub\Unity-Escape_T\Escape_T\Library\ScriptAssemblies\Unity.Mathematics.dll
Symbol file LoadedFromMemory is not a mono symbol file
Symbol file data-000001B6FA072AB0 doesn't match image C:\Users\82108\OneDrive\문서\GitHub\Unity-Escape_T\Escape_T\Library\ScriptAssemblies\Unity.2D.IK.Runtime.dll
Symbol file LoadedFromMemory is not a mono symbol file
Symbol file data-000001B6F8517010 doesn't match image C:\Users\82108\OneDrive\문서\GitHub\Unity-Escape_T\Escape_T\Library\ScriptAssemblies\Unity.2D.Animation.Triangle.Runtime.dll
Symbol file LoadedFromMemory is not a mono symbol file
Symbol file data-000001B6F8320710 doesn't match image C:\Users\82108\OneDrive\문서\GitHub\Unity-Escape_T\Escape_T\Library\ScriptAssemblies\Unity.2D.Animation.Runtime.dll
Symbol file LoadedFromMemory is not a mono symbol file
Symbol file data-000001B6F8323F20 doesn't match image C:\Users\82108\OneDrive\문서\GitHub\Unity-Escape_T\Escape_T\Library\ScriptAssemblies\Unity.2D.PixelPerfect.Editor.dll
Symbol file LoadedFromMemory is not a mono symbol file
Symbol file data-000001B6F83F0020 doesn't match image C:\Users\82108\OneDrive\문서\GitHub\Unity-Escape_T\Escape_T\Library\ScriptAssemblies\Unity.Timeline.Editor.dll
Symbol file LoadedFromMemory is not a mono symbol file
Symbol file data-000001B6FD0A9410 doesn't match image C:\Users\82108\OneDrive\문서\GitHub\Unity-Escape_T\Escape_T\Library\ScriptAssemblies\Unity.CollabProxy.Editor.dll
Symbol file LoadedFromMemory is not a mono symbol file
Symbol file data-000001B56A63E6E0 doesn't match image C:\Users\82108\OneDrive\문서\GitHub\Unity-Escape_T\Escape_T\Library\ScriptAssemblies\Unity.Mathematics.Editor.dll
Symbol file LoadedFromMemory is not a mono symbol file
Symbol file data-000001B6F4306400 doesn't match image C:\Users\82108\OneDrive\문서\GitHub\Unity-Escape_T\Escape_T\Library\ScriptAssemblies\Unity.2D.Common.Runtime.dll
Symbol file LoadedFromMemory is not a mono symbol file
Symbol file data-000001B6FD565220 doesn't match image C:\Users\82108\OneDrive\문서\GitHub\Unity-Escape_T\Escape_T\Library\ScriptAssemblies\Unity.2D.SpriteShape.Editor.dll
Symbol file LoadedFromMemory is not a mono symbol file
Symbol file data-000001B6FC6EDA30 doesn't match image C:\Users\82108\OneDrive\문서\GitHub\Unity-Escape_T\Escape_T\Library\ScriptAssemblies\Unity.2D.Common.Editor.dll
Symbol file LoadedFromMemory is not a mono symbol file
Symbol file data-000001B6FD0A9410 doesn't match image C:\Users\82108\OneDrive\문서\GitHub\Unity-Escape_T\Escape_T\Library\ScriptAssemblies\Unity.2D.SpriteShape.Runtime.dll
Symbol file LoadedFromMemory is not a mono symbol file
Native extension for WindowsStandalone target not found
Refreshing native plugins compatible for Editor in 1.24 ms, found 3 plugins.
Preloading 0 native plugins for Editor in 0.00 ms.
Mono: successfully reloaded assembly
- Completed reload, in  3.322 seconds
Platform modules already initialized, skipping
Switching build target platform(19) subTarget(0) extendedPlatform(0) -> platform(13) subTarget(537395200) extendedPlatform(0)
Refreshing native plugins compatible for Editor in 1.09 ms, found 3 plugins.
Preloading 0 native plugins for Editor in 0.00 ms.
Unloading 2100 Unused Serialized files (Serialized files now loaded: 0)
System memory in use before: 93.4 MB.
System memory in use after: 93.4 MB.

Unloading 21 unused Assets to reduce memory usage. Loaded Objects now: 2539.
Total: 6.392300 ms (FindLiveObjects: 1.034700 ms CreateObjectMapping: 0.222800 ms MarkObjects: 4.917500 ms  DeleteObjects: 0.215200 ms)

AssetImportParameters requested are different than current active one (requested -> active):
  custom:framework-win-MediaFoundation: 216162199b28c13a410421893ffa2e32 -> 
  custom:video-decoder-ogg-theora: a1e56fd34408186e4bbccfd4996cb3dc -> 
  custom:container-muxer-webm: aa71ff27fc2769a1b78a27578f13a17b -> 
  custom:container-demuxer-webm: 4f35f7cbe854078d1ac9338744f61a02 -> 
  custom:container-demuxer-ogg: 62fdf1f143b41e24485cea50d1cbac27 -> 
  custom:video-encoder-webm-vp8: eb34c28f22e8b96e1ab97ce403110664 -> 
  custom:video-decoder-webm-vp8: 9c59270c3fd7afecdb556c50c9e8de78 -> 
  custom:graphics/normal-map-encoding: 01000000000000000000000000000000 -> 02000000000000000000000000000000
  custom:audio-decoder-ogg-vorbis: bf7c407c2cedff20999df2af8eb42d56 -> 
  custom:audio-encoder-webm-vorbis: bf7c407c2cedff20999df2af8eb42d56 -> 
AssetImportWorkerClient::OnTransportError - code=2 error=End of file
